[2023-03-28 23:21:07] local.ERROR: Cannot declare class CreateOrderItemTable, because the name is already in use {"exception":"[object] (Symfony\\Component\\ErrorHandler\\Error\\FatalError(code: 0): Cannot declare class CreateOrderItemTable, because the name is already in use at /Library/WebServer/Documents/e-commerce/database/migrations/2023_03_28_231300_create_order_items_table.php:39)
[stacktrace]
#0 /Library/WebServer/Documents/e-commerce/vendor/laravel/framework/src/Illuminate/Foundation/Bootstrap/HandleExceptions.php(222): Symfony\\Component\\ErrorHandler\\Error\\FatalError->__construct()
#1 /Library/WebServer/Documents/e-commerce/vendor/laravel/framework/src/Illuminate/Foundation/Bootstrap/HandleExceptions.php(209): Illuminate\\Foundation\\Bootstrap\\HandleExceptions->fatalErrorFromPhpError()
#2 /Library/WebServer/Documents/e-commerce/vendor/laravel/framework/src/Illuminate/Foundation/Bootstrap/HandleExceptions.php(0): Illuminate\\Foundation\\Bootstrap\\HandleExceptions->handleShutdown()
#3 /Library/WebServer/Documents/e-commerce/vendor/laravel/framework/src/Illuminate/Filesystem/Filesystem.php(108): Illuminate\\Filesystem\\Filesystem::Illuminate\\Filesystem\\{closure:/Library/WebServer/Documents/e-commerce/vendor/laravel/framework/src/Illuminate/Filesystem/Filesystem.php:104-108}()
#4 /Library/WebServer/Documents/e-commerce/vendor/laravel/framework/src/Illuminate/Database/Migrations/Migrator.php(505): Illuminate\\Filesystem\\Filesystem->getRequire()
#5 /Library/WebServer/Documents/e-commerce/vendor/laravel/framework/src/Illuminate/Database/Migrations/Migrator.php(190): Illuminate\\Database\\Migrations\\Migrator->resolvePath()
#6 /Library/WebServer/Documents/e-commerce/vendor/laravel/framework/src/Illuminate/Database/Migrations/Migrator.php(167): Illuminate\\Database\\Migrations\\Migrator->runUp()
#7 /Library/WebServer/Documents/e-commerce/vendor/laravel/framework/src/Illuminate/Database/Migrations/Migrator.php(112): Illuminate\\Database\\Migrations\\Migrator->runPending()
#8 /Library/WebServer/Documents/e-commerce/vendor/laravel/framework/src/Illuminate/Database/Console/Migrations/MigrateCommand.php(86): Illuminate\\Database\\Migrations\\Migrator->run()
#9 /Library/WebServer/Documents/e-commerce/vendor/laravel/framework/src/Illuminate/Database/Migrations/Migrator.php(606): Illuminate\\Database\\Console\\Migrations\\MigrateCommand->Illuminate\\Database\\Console\\Migrations\\{closure:/Library/WebServer/Documents/e-commerce/vendor/laravel/framework/src/Illuminate/Database/Console/Migrations/MigrateCommand.php:77-98}()
#10 /Library/WebServer/Documents/e-commerce/vendor/laravel/framework/src/Illuminate/Database/Console/Migrations/MigrateCommand.php(98): Illuminate\\Database\\Migrations\\Migrator->usingConnection()
#11 /Library/WebServer/Documents/e-commerce/vendor/laravel/framework/src/Illuminate/Container/BoundMethod.php(36): Illuminate\\Database\\Console\\Migrations\\MigrateCommand->handle()
#12 /Library/WebServer/Documents/e-commerce/vendor/laravel/framework/src/Illuminate/Container/Util.php(40): Illuminate\\Container\\BoundMethod::Illuminate\\Container\\{closure:/Library/WebServer/Documents/e-commerce/vendor/laravel/framework/src/Illuminate/Container/BoundMethod.php:35-37}()
#13 /Library/WebServer/Documents/e-commerce/vendor/laravel/framework/src/Illuminate/Container/BoundMethod.php(93): Illuminate\\Container\\Util::unwrapIfClosure()
#14 /Library/WebServer/Documents/e-commerce/vendor/laravel/framework/src/Illuminate/Container/BoundMethod.php(37): Illuminate\\Container\\BoundMethod::callBoundMethod()
#15 /Library/WebServer/Documents/e-commerce/vendor/laravel/framework/src/Illuminate/Container/Container.php(653): Illuminate\\Container\\BoundMethod::call()
#16 /Library/WebServer/Documents/e-commerce/vendor/laravel/framework/src/Illuminate/Console/Command.php(136): Illuminate\\Foundation\\Application->call()
#17 /Library/WebServer/Documents/e-commerce/vendor/symfony/console/Command/Command.php(298): Illuminate\\Database\\Console\\Migrations\\MigrateCommand->execute()
#18 /Library/WebServer/Documents/e-commerce/vendor/laravel/framework/src/Illuminate/Console/Command.php(121): Illuminate\\Database\\Console\\Migrations\\MigrateCommand->run()
#19 /Library/WebServer/Documents/e-commerce/vendor/symfony/console/Application.php(1040): Illuminate\\Database\\Console\\Migrations\\MigrateCommand->run()
#20 /Library/WebServer/Documents/e-commerce/vendor/symfony/console/Application.php(301): Illuminate\\Console\\Application->doRunCommand()
#21 /Library/WebServer/Documents/e-commerce/vendor/symfony/console/Application.php(171): Illuminate\\Console\\Application->doRun()
#22 /Library/WebServer/Documents/e-commerce/vendor/laravel/framework/src/Illuminate/Console/Application.php(94): Illuminate\\Console\\Application->run()
#23 /Library/WebServer/Documents/e-commerce/vendor/laravel/framework/src/Illuminate/Foundation/Console/Kernel.php(129): Illuminate\\Console\\Application->run()
#24 /Library/WebServer/Documents/e-commerce/artisan(37): App\\Console\\Kernel->handle()
#25 /Library/WebServer/Documents/e-commerce/artisan(0): {main}()
#26 {main}
"} 
[2023-03-28 23:21:36] local.ERROR: Cannot declare class CreateOrderItemTable, because the name is already in use {"exception":"[object] (Symfony\\Component\\ErrorHandler\\Error\\FatalError(code: 0): Cannot declare class CreateOrderItemTable, because the name is already in use at /Library/WebServer/Documents/e-commerce/database/migrations/2023_03_28_231300_create_order_items_table.php:39)
[stacktrace]
#0 /Library/WebServer/Documents/e-commerce/vendor/laravel/framework/src/Illuminate/Foundation/Bootstrap/HandleExceptions.php(222): Symfony\\Component\\ErrorHandler\\Error\\FatalError->__construct()
#1 /Library/WebServer/Documents/e-commerce/vendor/laravel/framework/src/Illuminate/Foundation/Bootstrap/HandleExceptions.php(209): Illuminate\\Foundation\\Bootstrap\\HandleExceptions->fatalErrorFromPhpError()
#2 /Library/WebServer/Documents/e-commerce/vendor/laravel/framework/src/Illuminate/Foundation/Bootstrap/HandleExceptions.php(0): Illuminate\\Foundation\\Bootstrap\\HandleExceptions->handleShutdown()
#3 /Library/WebServer/Documents/e-commerce/vendor/laravel/framework/src/Illuminate/Filesystem/Filesystem.php(108): Illuminate\\Filesystem\\Filesystem::Illuminate\\Filesystem\\{closure:/Library/WebServer/Documents/e-commerce/vendor/laravel/framework/src/Illuminate/Filesystem/Filesystem.php:104-108}()
#4 /Library/WebServer/Documents/e-commerce/vendor/laravel/framework/src/Illuminate/Database/Migrations/Migrator.php(505): Illuminate\\Filesystem\\Filesystem->getRequire()
#5 /Library/WebServer/Documents/e-commerce/vendor/laravel/framework/src/Illuminate/Database/Migrations/Migrator.php(190): Illuminate\\Database\\Migrations\\Migrator->resolvePath()
#6 /Library/WebServer/Documents/e-commerce/vendor/laravel/framework/src/Illuminate/Database/Migrations/Migrator.php(167): Illuminate\\Database\\Migrations\\Migrator->runUp()
#7 /Library/WebServer/Documents/e-commerce/vendor/laravel/framework/src/Illuminate/Database/Migrations/Migrator.php(112): Illuminate\\Database\\Migrations\\Migrator->runPending()
#8 /Library/WebServer/Documents/e-commerce/vendor/laravel/framework/src/Illuminate/Database/Console/Migrations/MigrateCommand.php(86): Illuminate\\Database\\Migrations\\Migrator->run()
#9 /Library/WebServer/Documents/e-commerce/vendor/laravel/framework/src/Illuminate/Database/Migrations/Migrator.php(606): Illuminate\\Database\\Console\\Migrations\\MigrateCommand->Illuminate\\Database\\Console\\Migrations\\{closure:/Library/WebServer/Documents/e-commerce/vendor/laravel/framework/src/Illuminate/Database/Console/Migrations/MigrateCommand.php:77-98}()
#10 /Library/WebServer/Documents/e-commerce/vendor/laravel/framework/src/Illuminate/Database/Console/Migrations/MigrateCommand.php(98): Illuminate\\Database\\Migrations\\Migrator->usingConnection()
#11 /Library/WebServer/Documents/e-commerce/vendor/laravel/framework/src/Illuminate/Container/BoundMethod.php(36): Illuminate\\Database\\Console\\Migrations\\MigrateCommand->handle()
#12 /Library/WebServer/Documents/e-commerce/vendor/laravel/framework/src/Illuminate/Container/Util.php(40): Illuminate\\Container\\BoundMethod::Illuminate\\Container\\{closure:/Library/WebServer/Documents/e-commerce/vendor/laravel/framework/src/Illuminate/Container/BoundMethod.php:35-37}()
#13 /Library/WebServer/Documents/e-commerce/vendor/laravel/framework/src/Illuminate/Container/BoundMethod.php(93): Illuminate\\Container\\Util::unwrapIfClosure()
#14 /Library/WebServer/Documents/e-commerce/vendor/laravel/framework/src/Illuminate/Container/BoundMethod.php(37): Illuminate\\Container\\BoundMethod::callBoundMethod()
#15 /Library/WebServer/Documents/e-commerce/vendor/laravel/framework/src/Illuminate/Container/Container.php(653): Illuminate\\Container\\BoundMethod::call()
#16 /Library/WebServer/Documents/e-commerce/vendor/laravel/framework/src/Illuminate/Console/Command.php(136): Illuminate\\Foundation\\Application->call()
#17 /Library/WebServer/Documents/e-commerce/vendor/symfony/console/Command/Command.php(298): Illuminate\\Database\\Console\\Migrations\\MigrateCommand->execute()
#18 /Library/WebServer/Documents/e-commerce/vendor/laravel/framework/src/Illuminate/Console/Command.php(121): Illuminate\\Database\\Console\\Migrations\\MigrateCommand->run()
#19 /Library/WebServer/Documents/e-commerce/vendor/symfony/console/Application.php(1040): Illuminate\\Database\\Console\\Migrations\\MigrateCommand->run()
#20 /Library/WebServer/Documents/e-commerce/vendor/symfony/console/Application.php(301): Illuminate\\Console\\Application->doRunCommand()
#21 /Library/WebServer/Documents/e-commerce/vendor/symfony/console/Application.php(171): Illuminate\\Console\\Application->doRun()
#22 /Library/WebServer/Documents/e-commerce/vendor/laravel/framework/src/Illuminate/Console/Application.php(94): Illuminate\\Console\\Application->run()
#23 /Library/WebServer/Documents/e-commerce/vendor/laravel/framework/src/Illuminate/Foundation/Console/Kernel.php(129): Illuminate\\Console\\Application->run()
#24 /Library/WebServer/Documents/e-commerce/artisan(37): App\\Console\\Kernel->handle()
#25 /Library/WebServer/Documents/e-commerce/artisan(0): {main}()
#26 {main}
"} 
[2023-03-28 23:23:13] local.ERROR: Cannot declare class CreateOrderItemTable, because the name is already in use {"exception":"[object] (Symfony\\Component\\ErrorHandler\\Error\\FatalError(code: 0): Cannot declare class CreateOrderItemTable, because the name is already in use at /Library/WebServer/Documents/e-commerce/database/migrations/2023_03_28_231300_create_order_items_table.php:39)
[stacktrace]
#0 /Library/WebServer/Documents/e-commerce/vendor/laravel/framework/src/Illuminate/Foundation/Bootstrap/HandleExceptions.php(222): Symfony\\Component\\ErrorHandler\\Error\\FatalError->__construct()
#1 /Library/WebServer/Documents/e-commerce/vendor/laravel/framework/src/Illuminate/Foundation/Bootstrap/HandleExceptions.php(209): Illuminate\\Foundation\\Bootstrap\\HandleExceptions->fatalErrorFromPhpError()
#2 /Library/WebServer/Documents/e-commerce/vendor/laravel/framework/src/Illuminate/Foundation/Bootstrap/HandleExceptions.php(0): Illuminate\\Foundation\\Bootstrap\\HandleExceptions->handleShutdown()
#3 /Library/WebServer/Documents/e-commerce/vendor/laravel/framework/src/Illuminate/Filesystem/Filesystem.php(108): Illuminate\\Filesystem\\Filesystem::Illuminate\\Filesystem\\{closure:/Library/WebServer/Documents/e-commerce/vendor/laravel/framework/src/Illuminate/Filesystem/Filesystem.php:104-108}()
#4 /Library/WebServer/Documents/e-commerce/vendor/laravel/framework/src/Illuminate/Database/Migrations/Migrator.php(505): Illuminate\\Filesystem\\Filesystem->getRequire()
#5 /Library/WebServer/Documents/e-commerce/vendor/laravel/framework/src/Illuminate/Database/Migrations/Migrator.php(190): Illuminate\\Database\\Migrations\\Migrator->resolvePath()
#6 /Library/WebServer/Documents/e-commerce/vendor/laravel/framework/src/Illuminate/Database/Migrations/Migrator.php(167): Illuminate\\Database\\Migrations\\Migrator->runUp()
#7 /Library/WebServer/Documents/e-commerce/vendor/laravel/framework/src/Illuminate/Database/Migrations/Migrator.php(112): Illuminate\\Database\\Migrations\\Migrator->runPending()
#8 /Library/WebServer/Documents/e-commerce/vendor/laravel/framework/src/Illuminate/Database/Console/Migrations/MigrateCommand.php(86): Illuminate\\Database\\Migrations\\Migrator->run()
#9 /Library/WebServer/Documents/e-commerce/vendor/laravel/framework/src/Illuminate/Database/Migrations/Migrator.php(606): Illuminate\\Database\\Console\\Migrations\\MigrateCommand->Illuminate\\Database\\Console\\Migrations\\{closure:/Library/WebServer/Documents/e-commerce/vendor/laravel/framework/src/Illuminate/Database/Console/Migrations/MigrateCommand.php:77-98}()
#10 /Library/WebServer/Documents/e-commerce/vendor/laravel/framework/src/Illuminate/Database/Console/Migrations/MigrateCommand.php(98): Illuminate\\Database\\Migrations\\Migrator->usingConnection()
#11 /Library/WebServer/Documents/e-commerce/vendor/laravel/framework/src/Illuminate/Container/BoundMethod.php(36): Illuminate\\Database\\Console\\Migrations\\MigrateCommand->handle()
#12 /Library/WebServer/Documents/e-commerce/vendor/laravel/framework/src/Illuminate/Container/Util.php(40): Illuminate\\Container\\BoundMethod::Illuminate\\Container\\{closure:/Library/WebServer/Documents/e-commerce/vendor/laravel/framework/src/Illuminate/Container/BoundMethod.php:35-37}()
#13 /Library/WebServer/Documents/e-commerce/vendor/laravel/framework/src/Illuminate/Container/BoundMethod.php(93): Illuminate\\Container\\Util::unwrapIfClosure()
#14 /Library/WebServer/Documents/e-commerce/vendor/laravel/framework/src/Illuminate/Container/BoundMethod.php(37): Illuminate\\Container\\BoundMethod::callBoundMethod()
#15 /Library/WebServer/Documents/e-commerce/vendor/laravel/framework/src/Illuminate/Container/Container.php(653): Illuminate\\Container\\BoundMethod::call()
#16 /Library/WebServer/Documents/e-commerce/vendor/laravel/framework/src/Illuminate/Console/Command.php(136): Illuminate\\Foundation\\Application->call()
#17 /Library/WebServer/Documents/e-commerce/vendor/symfony/console/Command/Command.php(298): Illuminate\\Database\\Console\\Migrations\\MigrateCommand->execute()
#18 /Library/WebServer/Documents/e-commerce/vendor/laravel/framework/src/Illuminate/Console/Command.php(121): Illuminate\\Database\\Console\\Migrations\\MigrateCommand->run()
#19 /Library/WebServer/Documents/e-commerce/vendor/symfony/console/Application.php(1040): Illuminate\\Database\\Console\\Migrations\\MigrateCommand->run()
#20 /Library/WebServer/Documents/e-commerce/vendor/symfony/console/Application.php(301): Illuminate\\Console\\Application->doRunCommand()
#21 /Library/WebServer/Documents/e-commerce/vendor/symfony/console/Application.php(171): Illuminate\\Console\\Application->doRun()
#22 /Library/WebServer/Documents/e-commerce/vendor/laravel/framework/src/Illuminate/Console/Application.php(94): Illuminate\\Console\\Application->run()
#23 /Library/WebServer/Documents/e-commerce/vendor/laravel/framework/src/Illuminate/Foundation/Console/Kernel.php(129): Illuminate\\Console\\Application->run()
#24 /Library/WebServer/Documents/e-commerce/artisan(37): App\\Console\\Kernel->handle()
#25 /Library/WebServer/Documents/e-commerce/artisan(0): {main}()
#26 {main}
"} 
